<?xml version="1.0" encoding="UTF-8"?>
<!-- Generated by org.testng.reporters.JUnitXMLReporter -->
<testsuite hostname="CDC2-L-HYBRMW2" ignored="0" name="Default test" tests="4" failures="0" timestamp="2020-09-13T10:35:49 IST" time="10.191" errors="0">
  <testcase name="instagram" time="1.506" classname="testNG_Learning.TestSuiteUsing_testNG"/>
  <testcase name="google" time="4.642" classname="testNG_Learning.TestSuiteUsing_testNG"/>
  <testcase name="gmail" time="1.466" classname="testNG_Learning.TestSuiteUsing_testNG"/>
  <testcase name="orkut" time="2.541" classname="testNG_Learning.TestSuiteUsing_testNG"/>
</testsuite> <!-- Default test -->
