<?xml version="1.0" encoding="UTF-8"?>
<!-- Generated by org.testng.reporters.JUnitXMLReporter -->
<testsuite hostname="CDC2-L-HYBRMW2" ignored="0" name="Test_1" tests="16" failures="0" timestamp="2020-09-13T11:12:57 IST" time="0.086" errors="0">
  <testcase name="moto2" time="0.007" classname="testNG_Learning.ToSkipTestCases"/>
  <testcase name="moto1" time="0.001" classname="testNG_Learning.ToSkipTestCases"/>
  <testcase name="vivo2" time="0.001" classname="testNG_Learning.ToSkipTestCases"/>
  <testcase name="vivo1" time="0.001" classname="testNG_Learning.ToSkipTestCases"/>
  <testcase name="apple2" time="0.001" classname="testNG_Learning.ToSkipTestCases"/>
  <testcase name="Oppo" time="0.001" classname="testNG_Learning.ToSkipTestCases"/>
  <testcase name="apple" time="0.001" classname="testNG_Learning.ToSkipTestCases"/>
  <testcase name="Oppo1" time="0.001" classname="testNG_Learning.ToSkipTestCases"/>
  <testcase name="apple" time="0.001" classname="testNG_Learning.ToSetPriority"/>
  <testcase name="apple2" time="0.001" classname="testNG_Learning.ToSetPriority"/>
  <testcase name="moto2" time="0.0" classname="testNG_Learning.ToSetPriority"/>
  <testcase name="vivo1" time="0.001" classname="testNG_Learning.ToSetPriority"/>
  <testcase name="vivo2" time="0.001" classname="testNG_Learning.ToSetPriority"/>
  <testcase name="moto1" time="0.001" classname="testNG_Learning.ToSetPriority"/>
  <testcase name="Oppo" time="0.001" classname="testNG_Learning.ToSetPriority"/>
  <testcase name="Oppo1" time="0.001" classname="testNG_Learning.ToSetPriority"/>
</testsuite> <!-- Test_1 -->
